<?xml version="1.0" encoding="utf-8"?>
<test-run id="2" name="Inheritance.MapObjects.EXE" fullname="C:/source/Inheritance.MapObjects/Inheritance.MapObjects.csproj/bin/Debug/Inheritance.MapObjects.EXE" testcasecount="6" result="Passed" start-time="2018-01-17 20:21:22Z" end-time="2018-01-17 20:21:29Z" duration="6.355220" total="6" passed="6" failed="0" inconclusive="0" skipped="0" asserts="15" random-seed="280696303">
  <command-line><![CDATA["C:\source\Inheritance.MapObjects\Inheritance.MapObjects.csproj\bin\Debug\Inheritance.MapObjects.vshost.exe" ]]></command-line>
  <filter />
  <test-suite type="Assembly" id="1007" name="Inheritance.MapObjects.EXE" fullname="C:/source/Inheritance.MapObjects/Inheritance.MapObjects.csproj/bin/Debug/Inheritance.MapObjects.EXE" runstate="Runnable" testcasecount="6" result="Passed" start-time="2018-01-17 20:21:22Z" end-time="2018-01-17 20:21:29Z" duration="6.355220" total="6" passed="6" failed="0" warnings="0" inconclusive="0" skipped="0" asserts="15">
    <environment framework-version="3.6.0.0" clr-version="4.0.30319.42000" os-version="Microsoft Windows NT 6.2.9200.0" platform="Win32NT" cwd="C:\source\Inheritance.MapObjects\Inheritance.MapObjects.csproj\bin\Debug" machine-name="ART-ПК" user="Artem" user-domain="Art-ПК" culture="en-US" uiculture="en-US" os-architecture="x86" />
    <settings>
      <setting name="WorkDirectory" value="C:\source\Inheritance.MapObjects\Inheritance.MapObjects.csproj\bin\Debug" />
      <setting name="NumberOfTestWorkers" value="4" />
    </settings>
    <properties>
      <property name="_PID" value="7452" />
      <property name="_APPDOMAIN" value="Inheritance.MapObjects.vshost.exe" />
    </properties>
    <test-suite type="TestSuite" id="1008" name="Inheritance" fullname="Inheritance" runstate="Runnable" testcasecount="6" result="Passed" start-time="2018-01-17 20:21:22Z" end-time="2018-01-17 20:21:29Z" duration="6.321608" total="6" passed="6" failed="0" warnings="0" inconclusive="0" skipped="0" asserts="15">
      <test-suite type="TestSuite" id="1009" name="MapObjects" fullname="Inheritance.MapObjects" runstate="Runnable" testcasecount="6" result="Passed" start-time="2018-01-17 20:21:22Z" end-time="2018-01-17 20:21:29Z" duration="6.318105" total="6" passed="6" failed="0" warnings="0" inconclusive="0" skipped="0" asserts="15">
        <test-suite type="TestFixture" id="1000" name="Player_should" fullname="Inheritance.MapObjects.Player_should" classname="Inheritance.MapObjects.Player_should" runstate="Runnable" testcasecount="6" result="Passed" start-time="2018-01-17 20:21:22Z" end-time="2018-01-17 20:21:29Z" duration="6.306015" total="6" passed="6" failed="0" warnings="0" inconclusive="0" skipped="0" asserts="15">
          <test-case id="1002" name="BeatWeakCreepsAndCollectTreasure" fullname="Inheritance.MapObjects.Player_should.BeatWeakCreepsAndCollectTreasure" methodname="BeatWeakCreepsAndCollectTreasure" classname="Inheritance.MapObjects.Player_should" runstate="Runnable" seed="2100008999" result="Passed" start-time="2018-01-17 20:21:22Z" end-time="2018-01-17 20:21:23Z" duration="0.059602" asserts="2" />
          <test-case id="1005" name="BeatWeakGuandAndOwnDwelling" fullname="Inheritance.MapObjects.Player_should.BeatWeakGuandAndOwnDwelling" methodname="BeatWeakGuandAndOwnDwelling" classname="Inheritance.MapObjects.Player_should" runstate="Runnable" seed="13788318" result="Passed" start-time="2018-01-17 20:21:23Z" end-time="2018-01-17 20:21:26Z" duration="3.391241" asserts="3" />
          <test-case id="1003" name="LoseToPowerfulCreeps" fullname="Inheritance.MapObjects.Player_should.LoseToPowerfulCreeps" methodname="LoseToPowerfulCreeps" classname="Inheritance.MapObjects.Player_should" runstate="Runnable" seed="571585228" result="Passed" start-time="2018-01-17 20:21:26Z" end-time="2018-01-17 20:21:27Z" duration="1.307369" asserts="2" />
          <test-case id="1006" name="LoseToPowerfuleGuand" fullname="Inheritance.MapObjects.Player_should.LoseToPowerfuleGuand" methodname="LoseToPowerfuleGuand" classname="Inheritance.MapObjects.Player_should" runstate="Runnable" seed="1808970561" result="Passed" start-time="2018-01-17 20:21:27Z" end-time="2018-01-17 20:21:28Z" duration="0.755052" asserts="3" />
          <test-case id="1004" name="OwnDwelling" fullname="Inheritance.MapObjects.Player_should.OwnDwelling" methodname="OwnDwelling" classname="Inheritance.MapObjects.Player_should" runstate="Runnable" seed="775436833" result="Passed" start-time="2018-01-17 20:21:28Z" end-time="2018-01-17 20:21:28Z" duration="0.002100" asserts="3" />
          <test-case id="1001" name="TakeResources" fullname="Inheritance.MapObjects.Player_should.TakeResources" methodname="TakeResources" classname="Inheritance.MapObjects.Player_should" runstate="Runnable" seed="2072093649" result="Passed" start-time="2018-01-17 20:21:28Z" end-time="2018-01-17 20:21:29Z" duration="0.697993" asserts="2" />
        </test-suite>
      </test-suite>
    </test-suite>
  </test-suite>
</test-run>